14:23:10 **** Incremental Build of configuration Debug for project Lab1_Tarning ****
make -j16 all 
arm-none-eabi-size  Lab1_Tarning.elf 
   text	   data	    bss	    dec	    hex	filename
   7776	     12	   1644	   9432	   24d8	Lab1_Tarning.elf
Finished building: default.size.stdout
 
14:24:14 **** Incremental Build of configuration Debug for project Lab1_Tarning ****
make -j16 all 
arm-none-eabi-size  Lab1_Tarning.elf 
   text	   data	    bss	    dec	    hex	filename
   7776	     12	   1644	   9432	   24d8	Lab1_Tarning.elf
Finished building: default.size.stdout
 
14:24:57 **** Incremental Build of configuration Debug for project Lab1_Tarning ****
make -j16 all 
arm-none-eabi-size  Lab1_Tarning.elf 
   text	   data	    bss	    dec	    hex	filename
   7776	     12	   1644	   9432	   24d8	Lab1_Tarning.elf
Finished building: default.size.stdout
 
14:25:28 **** Incremental Build of configuration Debug for project Lab1_Tarning ****
make -j16 all 
arm-none-eabi-size  Lab1_Tarning.elf 
   text	   data	    bss	    dec	    hex	filename
   7776	     12	   1644	   9432	   24d8	Lab1_Tarning.elf
Finished building: default.size.stdout
 
14:25:33 **** Incremental Build of configuration Debug for project Lab1_Tarning ****
make -j16 all 
arm-none-eabi-size  Lab1_Tarning.elf 
   text	   data	    bss	    dec	    hex	filename
   7776	     12	   1644	   9432	   24d8	Lab1_Tarning.elf
Finished building: default.size.stdout
 
14:26:31 **** Incremental Build of configuration Debug for project Lab1_Tarning ****
make -j16 all 
arm-none-eabi-size  Lab1_Tarning.elf 
   text	   data	    bss	    dec	    hex	filename
   7776	     12	   1644	   9432	   24d8	Lab1_Tarning.elf
Finished building: default.size.stdout
 
14:31:45 **** Incremental Build of configuration Debug for project Lab1_Tarning ****
make -j16 all 
arm-none-eabi-size  Lab1_Tarning.elf 
   text	   data	    bss	    dec	    hex	filename
   7776	     12	   1644	   9432	   24d8	Lab1_Tarning.elf
Finished building: default.size.stdout
 
